11:02:18.026 karate.env system property was:  
11:02:18.703 request:
1 > GET https://reqres.in/api/users?page=2
1 > Accept-Encoding: gzip,deflate
1 > Connection: Keep-Alive
1 > Host: reqres.in
1 > User-Agent: Apache-HttpClient/4.5.11 (Java/11.0.10)

11:02:19.625 response time in milliseconds: 916.16
1 < 200
1 < Access-Control-Allow-Origin: *
1 < Age: 1498
1 < CF-Cache-Status: HIT
1 < CF-RAY: 641269f38a6b5efc-NRT
1 < Cache-Control: max-age=14400
1 < Connection: keep-alive
1 < Content-Type: application/json; charset=utf-8
1 < Date: Sat, 17 Apr 2021 03:02:19 GMT
1 < Etag: W/"406-ut0vzoCuidvyMf8arZpMpJ6ZRDw"
1 < Expect-CT: max-age=604800, report-uri="https://report-uri.cloudflare.com/cdn-cgi/beacon/expect-ct"
1 < NEL: {"max_age":604800,"report_to":"cf-nel"}
1 < Report-To: {"endpoints":[{"url":"https:\/\/a.nel.cloudflare.com\/report?s=x%2FDPXMhMYiO0j34MbgCJoaeq9l9McWAv8Sb%2FBCbie7AKTjSk8PNNgIY87lj%2FiL7z%2BLU7V7XRt6W0qdxcM3bH8K9HA8XyBsrKrvY%3D"}],"group":"cf-nel","max_age":604800}
1 < Server: cloudflare
1 < Set-Cookie: __cfduid=d1d610ab1f4f36c2b5ffe555f6326429d1618628539; expires=Mon, 17-May-21 03:02:19 GMT; path=/; domain=.reqres.in; HttpOnly; SameSite=Lax; Secure
1 < Transfer-Encoding: chunked
1 < Vary: Accept-Encoding
1 < Via: 1.1 vegur
1 < X-Powered-By: Express
1 < alt-svc: h3-27=":443"; ma=86400, h3-28=":443"; ma=86400, h3-29=":443"; ma=86400
1 < cf-request-id: 097f608c3900005efc48a25000000001
{"page":2,"per_page":6,"total":12,"total_pages":2,"data":[{"id":7,"email":"michael.lawson@reqres.in","first_name":"Michael","last_name":"Lawson","avatar":"https://reqres.in/img/faces/7-image.jpg"},{"id":8,"email":"lindsay.ferguson@reqres.in","first_name":"Lindsay","last_name":"Ferguson","avatar":"https://reqres.in/img/faces/8-image.jpg"},{"id":9,"email":"tobias.funke@reqres.in","first_name":"Tobias","last_name":"Funke","avatar":"https://reqres.in/img/faces/9-image.jpg"},{"id":10,"email":"byron.fields@reqres.in","first_name":"Byron","last_name":"Fields","avatar":"https://reqres.in/img/faces/10-image.jpg"},{"id":11,"email":"george.edwards@reqres.in","first_name":"George","last_name":"Edwards","avatar":"https://reqres.in/img/faces/11-image.jpg"},{"id":12,"email":"rachel.howell@reqres.in","first_name":"Rachel","last_name":"Howell","avatar":"https://reqres.in/img/faces/12-image.jpg"}],"support":{"url":"https://reqres.in/#support-heading","text":"To keep ReqRes free, contributions towards server costs are appreciated!"}}

